1515278913252	geckodriver	INFO	geckodriver 0.19.1
1515278913256	geckodriver	INFO	Listening on 127.0.0.1:51055
1515278914350	mozrunner::runner	INFO	Running command: "/usr/bin/firefox" "-marionette" "-profile" "/tmp/rust_mozprofile.3DiHIXSZgCPQ"
1515278915056	Marionette	INFO	Enabled via --marionette
1515278917592	Marionette	INFO	Listening on port 34145
1515278917663	Marionette	WARN	TLS certificate errors will be ignored for this session
1515278917738	Marionette	DEBUG	Register listener.js for window 2147483649
[Child 5834, Chrome_ChildThread] WARNING: pipe error (19): Connection reset by peer: file /build/firefox-V6e7AM/firefox-57.0.3+build1/ipc/chromium/src/chrome/common/ipc_channel_posix.cc, line 353
[Child 5834, Chrome_ChildThread] WARNING: pipe error (3): Connection reset by peer: file /build/firefox-V6e7AM/firefox-57.0.3+build1/ipc/chromium/src/chrome/common/ipc_channel_posix.cc, line 353
1515278918025	geckodriver	INFO	geckodriver 0.19.1
1515278918036	geckodriver	INFO	Listening on 127.0.0.1:55507
1515278919133	mozrunner::runner	INFO	Running command: "/usr/bin/firefox" "-marionette" "-profile" "/tmp/rust_mozprofile.fLWxR5eA9bCq"
1515278919748	Marionette	INFO	Enabled via --marionette
1515278922186	Marionette	INFO	Listening on port 33395
1515278922256	Marionette	WARN	TLS certificate errors will be ignored for this session
1515278922364	Marionette	DEBUG	Register listener.js for window 2147483649
1515279136575	geckodriver	INFO	geckodriver 0.19.1
1515279136579	geckodriver	INFO	Listening on 127.0.0.1:58991
1515279137685	mozrunner::runner	INFO	Running command: "/usr/bin/firefox" "-marionette" "-profile" "/tmp/rust_mozprofile.AOlf6jJrtMtT"
1515279138348	Marionette	INFO	Enabled via --marionette
1515279140578	Marionette	INFO	Listening on port 35643
1515279140609	Marionette	WARN	TLS certificate errors will be ignored for this session
1515279140691	Marionette	DEBUG	Register listener.js for window 2147483649
1515279140741	Marionette	DEBUG	Received DOM event "beforeunload" for "about:blank"
1515279140917	Marionette	DEBUG	Received DOM event "pagehide" for "about:blank"
1515279140917	Marionette	DEBUG	Received DOM event "unload" for "about:blank"
1515279140935	Marionette	DEBUG	Received DOM event "DOMContentLoaded" for "http://localhost:8081/"
1515279141001	Marionette	DEBUG	Received DOM event "pageshow" for "http://localhost:8081/"
[Child 6179, Chrome_ChildThread] WARNING: pipe error (19): Connection reset by peer: file /build/firefox-V6e7AM/firefox-57.0.3+build1/ipc/chromium/src/chrome/common/ipc_channel_posix.cc, line 353
1515279141397	geckodriver	INFO	geckodriver 0.19.1
1515279141400	geckodriver	INFO	Listening on 127.0.0.1:54915
1515279142514	mozrunner::runner	INFO	Running command: "/usr/bin/firefox" "-marionette" "-profile" "/tmp/rust_mozprofile.UB5RADeL4RTx"
1515279143362	Marionette	INFO	Enabled via --marionette
1515279145549	Marionette	INFO	Listening on port 36273
1515279145680	Marionette	WARN	TLS certificate errors will be ignored for this session
1515279145786	Marionette	DEBUG	Register listener.js for window 2147483649
1515279145823	Marionette	DEBUG	Received DOM event "beforeunload" for "about:blank"
1515279145869	Marionette	DEBUG	Received DOM event "pagehide" for "about:blank"
1515279145869	Marionette	DEBUG	Received DOM event "unload" for "about:blank"
1515279145894	Marionette	DEBUG	Received DOM event "DOMContentLoaded" for "http://localhost:8081/"
1515279145902	Marionette	DEBUG	Received DOM event "pageshow" for "http://localhost:8081/"
1515279146017	addons.xpi	WARN	Exception running bootstrap method shutdown on activity-stream@mozilla.org: [Exception... "Component returned failure code: 0x80004005 (NS_ERROR_FAILURE) [nsIObserverService.removeObserver]"  nsresult: "0x80004005 (NS_ERROR_FAILURE)"  location: "JS frame :: resource://activity-stream/lib/SnippetsFeed.jsm :: uninit :: line 123"  data: no] Stack trace: uninit()@resource://activity-stream/lib/SnippetsFeed.jsm:123 < onAction()@resource://activity-stream/lib/SnippetsFeed.jsm:138 < _middleware/</<()@resource://activity-stream/lib/Store.jsm:52 < Store/this[method]()@resource://activity-stream/lib/Store.jsm:31 < uninit()@resource://activity-stream/lib/Store.jsm:151 < uninit()@resource://activity-stream/lib/ActivityStream.jsm:266 < uninit()@resource://gre/modules/addons/XPIProvider.jsm -> jar:file:///usr/lib/firefox/browser/features/activity-stream@mozilla.org.xpi!/bootstrap.js:80 < shutdown()@resource://gre/modules/addons/XPIProvider.jsm -> jar:file:///usr/lib/firefox/browser/features/activity-stream@mozilla.org.xpi!/bootstrap.js:196 < callBootstrapMethod()@resource://gre/modules/addons/XPIProvider.jsm:4509 < observe()@resource://gre/modules/addons/XPIProvider.jsm:2281 < GeckoDriver.prototype.quit()@driver.js:3307 < despatch()@server.js:553 < execute()@server.js:527 < onPacket/<()@server.js:502 < onPacket()@server.js:501 < _onJSONObjectReady/<()@transport.js:501
1515279235299	geckodriver	INFO	geckodriver 0.19.1
1515279235302	geckodriver	INFO	Listening on 127.0.0.1:37501
1515279236406	mozrunner::runner	INFO	Running command: "/usr/bin/firefox" "-marionette" "-profile" "/tmp/rust_mozprofile.dp3WRjmZOeXW"
1515279237063	Marionette	INFO	Enabled via --marionette
1515279239213	Marionette	INFO	Listening on port 45953
1515279239340	Marionette	WARN	TLS certificate errors will be ignored for this session
1515279239419	Marionette	DEBUG	Register listener.js for window 2147483649
1515279239462	Marionette	DEBUG	Received DOM event "beforeunload" for "about:blank"
1515279239509	Marionette	DEBUG	Received DOM event "pagehide" for "about:blank"
1515279239509	Marionette	DEBUG	Received DOM event "unload" for "about:blank"
1515279239517	Marionette	DEBUG	Received DOM event "DOMContentLoaded" for "http://localhost:8081/"
1515279239522	Marionette	DEBUG	Received DOM event "pageshow" for "http://localhost:8081/"
[Child 6495, Chrome_ChildThread] WARNING: pipe error (21): Connection reset by peer: file /build/firefox-V6e7AM/firefox-57.0.3+build1/ipc/chromium/src/chrome/common/ipc_channel_posix.cc, line 353
[Child 6495, Chrome_ChildThread] WARNING: pipe error (3): Connection reset by peer: file /build/firefox-V6e7AM/firefox-57.0.3+build1/ipc/chromium/src/chrome/common/ipc_channel_posix.cc, line 353
1515279242791	geckodriver	INFO	geckodriver 0.19.1
1515279242796	geckodriver	INFO	Listening on 127.0.0.1:58373
1515279243905	mozrunner::runner	INFO	Running command: "/usr/bin/firefox" "-marionette" "-profile" "/tmp/rust_mozprofile.ida4ERWLayR8"
1515279244578	Marionette	INFO	Enabled via --marionette
1515279246925	Marionette	INFO	Listening on port 36911
1515279247021	Marionette	WARN	TLS certificate errors will be ignored for this session
1515279247106	Marionette	DEBUG	Register listener.js for window 2147483649
1515279247137	Marionette	DEBUG	Received DOM event "beforeunload" for "about:blank"
1515279247152	Marionette	DEBUG	Received DOM event "pagehide" for "about:blank"
1515279247152	Marionette	DEBUG	Received DOM event "unload" for "about:blank"
1515279247162	Marionette	DEBUG	Received DOM event "DOMContentLoaded" for "http://localhost:8081/"
1515279247164	Marionette	DEBUG	Received DOM event "pageshow" for "http://localhost:8081/"
1515279247335	addons.xpi	WARN	Exception running bootstrap method shutdown on activity-stream@mozilla.org: [Exception... "Component returned failure code: 0x80004005 (NS_ERROR_FAILURE) [nsIObserverService.removeObserver]"  nsresult: "0x80004005 (NS_ERROR_FAILURE)"  location: "JS frame :: resource://activity-stream/lib/SnippetsFeed.jsm :: uninit :: line 123"  data: no] Stack trace: uninit()@resource://activity-stream/lib/SnippetsFeed.jsm:123 < onAction()@resource://activity-stream/lib/SnippetsFeed.jsm:138 < _middleware/</<()@resource://activity-stream/lib/Store.jsm:52 < Store/this[method]()@resource://activity-stream/lib/Store.jsm:31 < uninit()@resource://activity-stream/lib/Store.jsm:151 < uninit()@resource://activity-stream/lib/ActivityStream.jsm:266 < uninit()@resource://gre/modules/addons/XPIProvider.jsm -> jar:file:///usr/lib/firefox/browser/features/activity-stream@mozilla.org.xpi!/bootstrap.js:80 < shutdown()@resource://gre/modules/addons/XPIProvider.jsm -> jar:file:///usr/lib/firefox/browser/features/activity-stream@mozilla.org.xpi!/bootstrap.js:196 < callBootstrapMethod()@resource://gre/modules/addons/XPIProvider.jsm:4509 < observe()@resource://gre/modules/addons/XPIProvider.jsm:2281 < GeckoDriver.prototype.quit()@driver.js:3307 < despatch()@server.js:553 < execute()@server.js:527 < onPacket/<()@server.js:502 < onPacket()@server.js:501 < _onJSONObjectReady/<()@transport.js:501
1515279711036	geckodriver	INFO	geckodriver 0.19.1
1515279711041	geckodriver	INFO	Listening on 127.0.0.1:41877
1515279712146	mozrunner::runner	INFO	Running command: "/usr/bin/firefox" "-marionette" "-profile" "/tmp/rust_mozprofile.glRzXEkuQQxw"
1515279712839	Marionette	INFO	Enabled via --marionette
1515279715325	Marionette	INFO	Listening on port 41305
1515279715361	Marionette	WARN	TLS certificate errors will be ignored for this session
1515279715445	Marionette	DEBUG	Register listener.js for window 2147483649
1515279715482	Marionette	DEBUG	Received DOM event "beforeunload" for "about:blank"
1515279715553	Marionette	DEBUG	Received DOM event "pagehide" for "about:blank"
1515279715553	Marionette	DEBUG	Received DOM event "unload" for "about:blank"
1515279715897	Marionette	DEBUG	Received DOM event "DOMContentLoaded" for "http://localhost:8081/"
1515279715997	Marionette	DEBUG	Received DOM event "pageshow" for "http://localhost:8081/"
[GFX1-]: Receive IPC close with reason=AbnormalShutdown
[Child 6963, Chrome_ChildThread] WARNING: pipe error (3): Connection reset by peer: file /build/firefox-V6e7AM/firefox-57.0.3+build1/ipc/chromium/src/chrome/common/ipc_channel_posix.cc, line 353
1515279716283	geckodriver	INFO	geckodriver 0.19.1
1515279716287	geckodriver	INFO	Listening on 127.0.0.1:57125
1515279717401	mozrunner::runner	INFO	Running command: "/usr/bin/firefox" "-marionette" "-profile" "/tmp/rust_mozprofile.oGxVmi3ciZK0"
1515279718078	Marionette	INFO	Enabled via --marionette
1515279720563	Marionette	INFO	Listening on port 37019
1515279720613	Marionette	WARN	TLS certificate errors will be ignored for this session
1515279720698	Marionette	DEBUG	Register listener.js for window 2147483649
1515279720719	Marionette	DEBUG	Received DOM event "beforeunload" for "about:blank"
1515279720758	Marionette	DEBUG	Received DOM event "pagehide" for "about:blank"
1515279720761	Marionette	DEBUG	Received DOM event "unload" for "about:blank"
1515279720999	Marionette	DEBUG	Received DOM event "DOMContentLoaded" for "http://localhost:8081/"
1515279721076	Marionette	DEBUG	Received DOM event "pageshow" for "http://localhost:8081/"
[Child 7074, Chrome_ChildThread] WARNING: pipe error (19): Connection reset by peer: file /build/firefox-V6e7AM/firefox-57.0.3+build1/ipc/chromium/src/chrome/common/ipc_channel_posix.cc, line 353
[Child 7074, Chrome_ChildThread] WARNING: pipe error (3): Connection reset by peer: file /build/firefox-V6e7AM/firefox-57.0.3+build1/ipc/chromium/src/chrome/common/ipc_channel_posix.cc, line 353
1515279752836	geckodriver	INFO	geckodriver 0.19.1
1515279752840	geckodriver	INFO	Listening on 127.0.0.1:36713
1515279752927	mozrunner::runner	INFO	Running command: "/usr/bin/firefox" "-marionette" "-profile" "/tmp/rust_mozprofile.D9YVonAu5N3k"
1515279753586	Marionette	INFO	Enabled via --marionette
1515279755897	Marionette	INFO	Listening on port 33479
1515279755956	Marionette	WARN	TLS certificate errors will be ignored for this session
1515279756037	Marionette	DEBUG	Register listener.js for window 2147483649
1515279756072	Marionette	DEBUG	Received DOM event "beforeunload" for "about:blank"
1515279756099	Marionette	DEBUG	Received DOM event "pagehide" for "about:blank"
1515279756099	Marionette	DEBUG	Received DOM event "unload" for "about:blank"
1515279756358	Marionette	DEBUG	Received DOM event "DOMContentLoaded" for "http://localhost:8081/"
1515279756458	Marionette	DEBUG	Received DOM event "pageshow" for "http://localhost:8081/"
1515279756766	geckodriver	INFO	geckodriver 0.19.1
1515279756779	geckodriver	INFO	Listening on 127.0.0.1:46327
1515279757878	mozrunner::runner	INFO	Running command: "/usr/bin/firefox" "-marionette" "-profile" "/tmp/rust_mozprofile.VdP1RVJyNNS3"
1515279758570	Marionette	INFO	Enabled via --marionette
1515279761053	Marionette	INFO	Listening on port 41247
1515279761096	Marionette	WARN	TLS certificate errors will be ignored for this session
1515279761166	Marionette	DEBUG	Register listener.js for window 2147483649
1515279761200	Marionette	DEBUG	Received DOM event "beforeunload" for "about:blank"
1515279761228	Marionette	DEBUG	Received DOM event "pagehide" for "about:blank"
1515279761229	Marionette	DEBUG	Received DOM event "unload" for "about:blank"
1515279761454	Marionette	DEBUG	Received DOM event "DOMContentLoaded" for "http://localhost:8081/"
1515279761533	Marionette	DEBUG	Received DOM event "pageshow" for "http://localhost:8081/"
[GFX1-]: Receive IPC close with reason=AbnormalShutdown
1515279789890	geckodriver	INFO	geckodriver 0.19.1
1515279789894	geckodriver	INFO	Listening on 127.0.0.1:60873
1515279790998	mozrunner::runner	INFO	Running command: "/usr/bin/firefox" "-marionette" "-profile" "/tmp/rust_mozprofile.0dGPF8BGgf70"
1515279791669	Marionette	INFO	Enabled via --marionette
1515279794081	Marionette	INFO	Listening on port 41723
1515279794115	Marionette	WARN	TLS certificate errors will be ignored for this session
1515279794202	Marionette	DEBUG	Register listener.js for window 2147483649
1515279794248	Marionette	DEBUG	Received DOM event "beforeunload" for "about:blank"
1515279794311	Marionette	DEBUG	Received DOM event "pagehide" for "about:blank"
1515279794311	Marionette	DEBUG	Received DOM event "unload" for "about:blank"
1515279794544	Marionette	DEBUG	Received DOM event "DOMContentLoaded" for "http://localhost:8081/"
1515279794641	Marionette	DEBUG	Received DOM event "pageshow" for "http://localhost:8081/"
1515279794913	geckodriver	INFO	geckodriver 0.19.1
1515279794917	geckodriver	INFO	Listening on 127.0.0.1:41441
1515279796023	mozrunner::runner	INFO	Running command: "/usr/bin/firefox" "-marionette" "-profile" "/tmp/rust_mozprofile.gJHnxHcWeiKV"
1515279796722	Marionette	INFO	Enabled via --marionette
1515279799092	Marionette	INFO	Listening on port 41929
1515279799147	Marionette	WARN	TLS certificate errors will be ignored for this session
1515279799236	Marionette	DEBUG	Register listener.js for window 2147483649
1515279799295	Marionette	DEBUG	Received DOM event "beforeunload" for "about:blank"
1515279799325	Marionette	DEBUG	Received DOM event "pagehide" for "about:blank"
1515279799326	Marionette	DEBUG	Received DOM event "unload" for "about:blank"
1515279799551	Marionette	DEBUG	Received DOM event "DOMContentLoaded" for "http://localhost:8081/"
1515279799651	Marionette	DEBUG	Received DOM event "pageshow" for "http://localhost:8081/"
[GFX1-]: Receive IPC close with reason=AbnormalShutdown
[Child 7550, Chrome_ChildThread] WARNING: pipe error (3): Connection reset by peer: file /build/firefox-V6e7AM/firefox-57.0.3+build1/ipc/chromium/src/chrome/common/ipc_channel_posix.cc, line 353
1515282574761	geckodriver	INFO	geckodriver 0.19.1
1515282574775	geckodriver	INFO	Listening on 127.0.0.1:45575
1515282575869	mozrunner::runner	INFO	Running command: "/usr/bin/firefox" "-marionette" "-profile" "/tmp/rust_mozprofile.bHYNhbhh43FC"
1515282576980	Marionette	INFO	Enabled via --marionette
1515282579323	Marionette	INFO	Listening on port 35199
1515282579436	Marionette	WARN	TLS certificate errors will be ignored for this session
1515282579520	Marionette	DEBUG	Register listener.js for window 2147483649
1515282579784	Marionette	DEBUG	Received DOM event "beforeunload" for "about:blank"
1515282579822	Marionette	DEBUG	Received DOM event "pagehide" for "about:blank"
1515282579822	Marionette	DEBUG	Received DOM event "unload" for "about:blank"
1515282580048	Marionette	DEBUG	Received DOM event "DOMContentLoaded" for "http://localhost:8081/"
1515282580145	Marionette	DEBUG	Received DOM event "pageshow" for "http://localhost:8081/"
1515282580219	addons.xpi	WARN	Exception running bootstrap method shutdown on activity-stream@mozilla.org: [Exception... "Component returned failure code: 0x80004005 (NS_ERROR_FAILURE) [nsIObserverService.removeObserver]"  nsresult: "0x80004005 (NS_ERROR_FAILURE)"  location: "JS frame :: resource://activity-stream/lib/SnippetsFeed.jsm :: uninit :: line 123"  data: no] Stack trace: uninit()@resource://activity-stream/lib/SnippetsFeed.jsm:123 < onAction()@resource://activity-stream/lib/SnippetsFeed.jsm:138 < _middleware/</<()@resource://activity-stream/lib/Store.jsm:52 < Store/this[method]()@resource://activity-stream/lib/Store.jsm:31 < uninit()@resource://activity-stream/lib/Store.jsm:151 < uninit()@resource://activity-stream/lib/ActivityStream.jsm:266 < uninit()@resource://gre/modules/addons/XPIProvider.jsm -> jar:file:///usr/lib/firefox/browser/features/activity-stream@mozilla.org.xpi!/bootstrap.js:80 < shutdown()@resource://gre/modules/addons/XPIProvider.jsm -> jar:file:///usr/lib/firefox/browser/features/activity-stream@mozilla.org.xpi!/bootstrap.js:196 < callBootstrapMethod()@resource://gre/modules/addons/XPIProvider.jsm:4509 < observe()@resource://gre/modules/addons/XPIProvider.jsm:2281 < GeckoDriver.prototype.quit()@driver.js:3307 < despatch()@server.js:553 < execute()@server.js:527 < onPacket/<()@server.js:502 < onPacket()@server.js:501 < _onJSONObjectReady/<()@transport.js:501
[GFX1-]: Receive IPC close with reason=AbnormalShutdown
[Child 8745, Chrome_ChildThread] WARNING: pipe error (3): Connection reset by peer: file /build/firefox-V6e7AM/firefox-57.0.3+build1/ipc/chromium/src/chrome/common/ipc_channel_posix.cc, line 353
1515282580465	geckodriver	INFO	geckodriver 0.19.1
1515282580468	geckodriver	INFO	Listening on 127.0.0.1:47247
1515282581569	mozrunner::runner	INFO	Running command: "/usr/bin/firefox" "-marionette" "-profile" "/tmp/rust_mozprofile.VFLgNizeS7tL"
1515282582225	Marionette	INFO	Enabled via --marionette
1515282584543	Marionette	INFO	Listening on port 33749
1515282584583	Marionette	WARN	TLS certificate errors will be ignored for this session
1515282584696	Marionette	DEBUG	Register listener.js for window 2147483649
1515282584736	Marionette	DEBUG	Received DOM event "beforeunload" for "about:blank"
1515282584775	Marionette	DEBUG	Received DOM event "pagehide" for "about:blank"
1515282584776	Marionette	DEBUG	Received DOM event "unload" for "about:blank"
1515282585085	Marionette	DEBUG	Received DOM event "DOMContentLoaded" for "http://localhost:8081/"
1515282585208	Marionette	DEBUG	Received DOM event "pageshow" for "http://localhost:8081/"
1515282601773	geckodriver	INFO	geckodriver 0.19.1
1515282601776	geckodriver	INFO	Listening on 127.0.0.1:56231
1515282602872	mozrunner::runner	INFO	Running command: "/usr/bin/firefox" "-marionette" "-profile" "/tmp/rust_mozprofile.0O68iplu0354"
1515282603557	Marionette	INFO	Enabled via --marionette
1515282605758	Marionette	INFO	Listening on port 35515
1515282605790	Marionette	WARN	TLS certificate errors will be ignored for this session
1515282605886	Marionette	DEBUG	Register listener.js for window 2147483649
1515282605921	Marionette	DEBUG	Received DOM event "beforeunload" for "about:blank"
1515282605963	Marionette	DEBUG	Received DOM event "pagehide" for "about:blank"
1515282605963	Marionette	DEBUG	Received DOM event "unload" for "about:blank"
1515282606301	Marionette	DEBUG	Received DOM event "DOMContentLoaded" for "http://localhost:8081/"
1515282606401	Marionette	DEBUG	Received DOM event "pageshow" for "http://localhost:8081/"
1515282606468	addons.xpi	WARN	Exception running bootstrap method shutdown on activity-stream@mozilla.org: [Exception... "Component returned failure code: 0x80004005 (NS_ERROR_FAILURE) [nsIObserverService.removeObserver]"  nsresult: "0x80004005 (NS_ERROR_FAILURE)"  location: "JS frame :: resource://activity-stream/lib/SnippetsFeed.jsm :: uninit :: line 123"  data: no] Stack trace: uninit()@resource://activity-stream/lib/SnippetsFeed.jsm:123 < onAction()@resource://activity-stream/lib/SnippetsFeed.jsm:138 < _middleware/</<()@resource://activity-stream/lib/Store.jsm:52 < Store/this[method]()@resource://activity-stream/lib/Store.jsm:31 < uninit()@resource://activity-stream/lib/Store.jsm:151 < uninit()@resource://activity-stream/lib/ActivityStream.jsm:266 < uninit()@resource://gre/modules/addons/XPIProvider.jsm -> jar:file:///usr/lib/firefox/browser/features/activity-stream@mozilla.org.xpi!/bootstrap.js:80 < shutdown()@resource://gre/modules/addons/XPIProvider.jsm -> jar:file:///usr/lib/firefox/browser/features/activity-stream@mozilla.org.xpi!/bootstrap.js:196 < callBootstrapMethod()@resource://gre/modules/addons/XPIProvider.jsm:4509 < observe()@resource://gre/modules/addons/XPIProvider.jsm:2281 < GeckoDriver.prototype.quit()@driver.js:3307 < despatch()@server.js:553 < execute()@server.js:527 < onPacket/<()@server.js:502 < onPacket()@server.js:501 < _onJSONObjectReady/<()@transport.js:501
[GFX1-]: Receive IPC close with reason=AbnormalShutdown
[Child 8968, Chrome_ChildThread] WARNING: pipe error (3): Connection reset by peer: file /build/firefox-V6e7AM/firefox-57.0.3+build1/ipc/chromium/src/chrome/common/ipc_channel_posix.cc, line 353
1515282606649	geckodriver	INFO	geckodriver 0.19.1
1515282606663	geckodriver	INFO	Listening on 127.0.0.1:39695
1515282607753	mozrunner::runner	INFO	Running command: "/usr/bin/firefox" "-marionette" "-profile" "/tmp/rust_mozprofile.RuSwFBppfBOO"
1515282608406	Marionette	INFO	Enabled via --marionette
1515282610665	Marionette	INFO	Listening on port 36219
1515282610769	Marionette	WARN	TLS certificate errors will be ignored for this session
1515282610848	Marionette	DEBUG	Register listener.js for window 2147483649
1515282610880	Marionette	DEBUG	Received DOM event "beforeunload" for "about:blank"
1515282610916	Marionette	DEBUG	Received DOM event "pagehide" for "about:blank"
1515282610917	Marionette	DEBUG	Received DOM event "unload" for "about:blank"
1515282611127	Marionette	DEBUG	Received DOM event "DOMContentLoaded" for "http://localhost:8081/"
1515282611218	Marionette	DEBUG	Received DOM event "pageshow" for "http://localhost:8081/"
1515282889444	geckodriver	INFO	geckodriver 0.19.1
1515282889447	geckodriver	INFO	Listening on 127.0.0.1:35745
1515282890553	mozrunner::runner	INFO	Running command: "/usr/bin/firefox" "-marionette" "-profile" "/tmp/rust_mozprofile.zE0ZFeO0olqx"
1515282891243	Marionette	INFO	Enabled via --marionette
1515282893597	Marionette	INFO	Listening on port 40255
1515282893742	Marionette	WARN	TLS certificate errors will be ignored for this session
1515282893850	Marionette	DEBUG	Register listener.js for window 2147483649
1515282893896	Marionette	DEBUG	Received DOM event "beforeunload" for "about:blank"
1515282893969	Marionette	DEBUG	Received DOM event "pagehide" for "about:blank"
1515282893969	Marionette	DEBUG	Received DOM event "unload" for "about:blank"
1515282894640	Marionette	DEBUG	Received DOM event "DOMContentLoaded" for "http://localhost:8081/"
1515282894720	Marionette	DEBUG	Received DOM event "pageshow" for "http://localhost:8081/"
1515282894988	geckodriver	INFO	geckodriver 0.19.1
1515282894991	geckodriver	INFO	Listening on 127.0.0.1:40081
1515282896094	mozrunner::runner	INFO	Running command: "/usr/bin/firefox" "-marionette" "-profile" "/tmp/rust_mozprofile.5mDhj5bCk002"
1515282896732	Marionette	INFO	Enabled via --marionette
1515282899114	Marionette	INFO	Listening on port 33851
1515282899211	Marionette	WARN	TLS certificate errors will be ignored for this session
1515282899303	Marionette	DEBUG	Register listener.js for window 2147483649
1515282899324	Marionette	DEBUG	Received DOM event "beforeunload" for "about:blank"
1515282899350	Marionette	DEBUG	Received DOM event "pagehide" for "about:blank"
1515282899350	Marionette	DEBUG	Received DOM event "unload" for "about:blank"
1515282899651	Marionette	DEBUG	Received DOM event "DOMContentLoaded" for "http://localhost:8081/"
1515282899725	Marionette	DEBUG	Received DOM event "pageshow" for "http://localhost:8081/"
[Child 9418, Chrome_ChildThread] WARNING: pipe error (19): Connection reset by peer: file /build/firefox-V6e7AM/firefox-57.0.3+build1/ipc/chromium/src/chrome/common/ipc_channel_posix.cc, line 353
[Child 9418, Chrome_ChildThread] WARNING: pipe error (3): Connection reset by peer: file /build/firefox-V6e7AM/firefox-57.0.3+build1/ipc/chromium/src/chrome/common/ipc_channel_posix.cc, line 353
1515282933025	geckodriver	INFO	geckodriver 0.19.1
1515282933028	geckodriver	INFO	Listening on 127.0.0.1:55179
1515282934129	mozrunner::runner	INFO	Running command: "/usr/bin/firefox" "-marionette" "-profile" "/tmp/rust_mozprofile.K8uH1au83DT2"
1515282934792	Marionette	INFO	Enabled via --marionette
1515282937005	Marionette	INFO	Listening on port 45701
1515282937043	Marionette	WARN	TLS certificate errors will be ignored for this session
1515282937136	Marionette	DEBUG	Register listener.js for window 2147483649
1515282937188	Marionette	DEBUG	Received DOM event "beforeunload" for "about:blank"
1515282937218	Marionette	DEBUG	Received DOM event "pagehide" for "about:blank"
1515282937218	Marionette	DEBUG	Received DOM event "unload" for "about:blank"
1515282937456	Marionette	DEBUG	Received DOM event "DOMContentLoaded" for "http://localhost:8081/"
1515282937536	Marionette	DEBUG	Received DOM event "pageshow" for "http://localhost:8081/"
[Child 9548, Chrome_ChildThread] WARNING: pipe error (21): Connection reset by peer: file /build/firefox-V6e7AM/firefox-57.0.3+build1/ipc/chromium/src/chrome/common/ipc_channel_posix.cc, line 353
[Child 9548, Chrome_ChildThread] WARNING: pipe error (3): Connection reset by peer: file /build/firefox-V6e7AM/firefox-57.0.3+build1/ipc/chromium/src/chrome/common/ipc_channel_posix.cc, line 353
1515282937792	geckodriver	INFO	geckodriver 0.19.1
1515282937798	geckodriver	INFO	Listening on 127.0.0.1:52205
1515282938903	mozrunner::runner	INFO	Running command: "/usr/bin/firefox" "-marionette" "-profile" "/tmp/rust_mozprofile.heTXfgDqifDZ"
1515282939556	Marionette	INFO	Enabled via --marionette
1515282941816	Marionette	INFO	Listening on port 44463
1515282941922	Marionette	WARN	TLS certificate errors will be ignored for this session
1515282941998	Marionette	DEBUG	Register listener.js for window 2147483649
1515282942021	Marionette	DEBUG	Received DOM event "beforeunload" for "about:blank"
1515282942063	Marionette	DEBUG	Received DOM event "pagehide" for "about:blank"
1515282942064	Marionette	DEBUG	Received DOM event "unload" for "about:blank"
1515282942355	Marionette	DEBUG	Received DOM event "DOMContentLoaded" for "http://localhost:8081/"
1515282942433	Marionette	DEBUG	Received DOM event "pageshow" for "http://localhost:8081/"
[Child 9662, Chrome_ChildThread] WARNING: pipe error (19): Connection reset by peer: file /build/firefox-V6e7AM/firefox-57.0.3+build1/ipc/chromium/src/chrome/common/ipc_channel_posix.cc, line 353
[Child 9662, Chrome_ChildThread] WARNING: pipe error (3): Connection reset by peer: file /build/firefox-V6e7AM/firefox-57.0.3+build1/ipc/chromium/src/chrome/common/ipc_channel_posix.cc, line 353
1515282957591	geckodriver	INFO	geckodriver 0.19.1
1515282957594	geckodriver	INFO	Listening on 127.0.0.1:56255
1515282958697	mozrunner::runner	INFO	Running command: "/usr/bin/firefox" "-marionette" "-profile" "/tmp/rust_mozprofile.OeuIHV8bqwyU"
1515282959337	Marionette	INFO	Enabled via --marionette
1515282961445	Marionette	INFO	Listening on port 44899
1515282961558	Marionette	WARN	TLS certificate errors will be ignored for this session
1515282961639	Marionette	DEBUG	Register listener.js for window 2147483649
1515282961666	Marionette	DEBUG	Received DOM event "beforeunload" for "about:blank"
1515282961749	Marionette	DEBUG	Received DOM event "pagehide" for "about:blank"
1515282961749	Marionette	DEBUG	Received DOM event "unload" for "about:blank"
1515282962131	Marionette	DEBUG	Received DOM event "DOMContentLoaded" for "http://localhost:8081/"
1515282962214	Marionette	DEBUG	Received DOM event "pageshow" for "http://localhost:8081/"
[Child 9784, Chrome_ChildThread] WARNING: pipe error (19): Connection reset by peer: file /build/firefox-V6e7AM/firefox-57.0.3+build1/ipc/chromium/src/chrome/common/ipc_channel_posix.cc, line 353
[Child 9784, Chrome_ChildThread] WARNING: pipe error (3): Connection reset by peer: file /build/firefox-V6e7AM/firefox-57.0.3+build1/ipc/chromium/src/chrome/common/ipc_channel_posix.cc, line 353
1515282962462	geckodriver	INFO	geckodriver 0.19.1
1515282962468	geckodriver	INFO	Listening on 127.0.0.1:47947
1515282963565	mozrunner::runner	INFO	Running command: "/usr/bin/firefox" "-marionette" "-profile" "/tmp/rust_mozprofile.zzoJ9fgU9TXA"
1515282964191	Marionette	INFO	Enabled via --marionette
1515282966245	Marionette	INFO	Listening on port 37877
1515282966353	Marionette	WARN	TLS certificate errors will be ignored for this session
1515282966436	Marionette	DEBUG	Register listener.js for window 2147483649
1515282966487	Marionette	DEBUG	Received DOM event "beforeunload" for "about:blank"
1515282966538	Marionette	DEBUG	Received DOM event "pagehide" for "about:blank"
1515282966542	Marionette	DEBUG	Received DOM event "unload" for "about:blank"
1515282966865	Marionette	DEBUG	Received DOM event "DOMContentLoaded" for "http://localhost:8081/"
1515282966951	Marionette	DEBUG	Received DOM event "pageshow" for "http://localhost:8081/"
1515282991001	geckodriver	INFO	geckodriver 0.19.1
1515282991005	geckodriver	INFO	Listening on 127.0.0.1:51699
1515282992103	mozrunner::runner	INFO	Running command: "/usr/bin/firefox" "-marionette" "-profile" "/tmp/rust_mozprofile.luQCLLWXEoFR"
1515282992752	Marionette	INFO	Enabled via --marionette
1515282994820	Marionette	INFO	Listening on port 33693
1515282994934	Marionette	WARN	TLS certificate errors will be ignored for this session
1515282995013	Marionette	DEBUG	Register listener.js for window 2147483649
1515282995049	Marionette	DEBUG	Received DOM event "beforeunload" for "about:blank"
1515282995081	Marionette	DEBUG	Received DOM event "pagehide" for "about:blank"
1515282995081	Marionette	DEBUG	Received DOM event "unload" for "about:blank"
1515282995319	Marionette	DEBUG	Received DOM event "DOMContentLoaded" for "http://localhost:8081/"
1515282995435	Marionette	DEBUG	Received DOM event "pageshow" for "http://localhost:8081/"
[Child 10022, Chrome_ChildThread] WARNING: pipe error (19): Connection reset by peer: file /build/firefox-V6e7AM/firefox-57.0.3+build1/ipc/chromium/src/chrome/common/ipc_channel_posix.cc, line 353
[GFX1-]: Receive IPC close with reason=AbnormalShutdown
[Child 10022, Chrome_ChildThread] WARNING: pipe error (3): Connection reset by peer: file /build/firefox-V6e7AM/firefox-57.0.3+build1/ipc/chromium/src/chrome/common/ipc_channel_posix.cc, line 353
1515282995649	geckodriver	INFO	geckodriver 0.19.1
1515282995652	geckodriver	INFO	Listening on 127.0.0.1:38619
1515282996752	mozrunner::runner	INFO	Running command: "/usr/bin/firefox" "-marionette" "-profile" "/tmp/rust_mozprofile.ivE188zXYrvI"
1515282997415	Marionette	INFO	Enabled via --marionette
1515282999856	Marionette	INFO	Listening on port 39375
1515282999898	Marionette	WARN	TLS certificate errors will be ignored for this session
1515282999973	Marionette	DEBUG	Register listener.js for window 2147483649
1515283000000	Marionette	DEBUG	Received DOM event "beforeunload" for "about:blank"
1515283000021	Marionette	DEBUG	Received DOM event "pagehide" for "about:blank"
1515283000022	Marionette	DEBUG	Received DOM event "unload" for "about:blank"
1515283000259	Marionette	DEBUG	Received DOM event "DOMContentLoaded" for "http://localhost:8081/"
1515283000332	Marionette	DEBUG	Received DOM event "pageshow" for "http://localhost:8081/"
[Child 10145, Chrome_ChildThread] WARNING: pipe error (21): Connection reset by peer: file /build/firefox-V6e7AM/firefox-57.0.3+build1/ipc/chromium/src/chrome/common/ipc_channel_posix.cc, line 353
[GFX1-]: Receive IPC close with reason=AbnormalShutdown
[Child 10145, Chrome_ChildThread] WARNING: pipe error (3): Connection reset by peer: file /build/firefox-V6e7AM/firefox-57.0.3+build1/ipc/chromium/src/chrome/common/ipc_channel_posix.cc, line 353
1515285539557	geckodriver	INFO	geckodriver 0.19.1
1515285539560	geckodriver	INFO	Listening on 127.0.0.1:35469
1515285540653	mozrunner::runner	INFO	Running command: "/usr/bin/firefox" "-marionette" "-profile" "/tmp/rust_mozprofile.G5OJVhiQSkC4"
1515285541494	Marionette	INFO	Enabled via --marionette
1515285543917	Marionette	INFO	Listening on port 41593
1515285543968	Marionette	WARN	TLS certificate errors will be ignored for this session
1515285544048	Marionette	DEBUG	Register listener.js for window 2147483649
1515285544107	addons.xpi	WARN	Exception running bootstrap method shutdown on activity-stream@mozilla.org: [Exception... "Component returned failure code: 0x80004005 (NS_ERROR_FAILURE) [nsIObserverService.removeObserver]"  nsresult: "0x80004005 (NS_ERROR_FAILURE)"  location: "JS frame :: resource://activity-stream/lib/SnippetsFeed.jsm :: uninit :: line 123"  data: no] Stack trace: uninit()@resource://activity-stream/lib/SnippetsFeed.jsm:123 < onAction()@resource://activity-stream/lib/SnippetsFeed.jsm:138 < _middleware/</<()@resource://activity-stream/lib/Store.jsm:52 < Store/this[method]()@resource://activity-stream/lib/Store.jsm:31 < uninit()@resource://activity-stream/lib/Store.jsm:151 < uninit()@resource://activity-stream/lib/ActivityStream.jsm:266 < uninit()@resource://gre/modules/addons/XPIProvider.jsm -> jar:file:///usr/lib/firefox/browser/features/activity-stream@mozilla.org.xpi!/bootstrap.js:80 < shutdown()@resource://gre/modules/addons/XPIProvider.jsm -> jar:file:///usr/lib/firefox/browser/features/activity-stream@mozilla.org.xpi!/bootstrap.js:196 < callBootstrapMethod()@resource://gre/modules/addons/XPIProvider.jsm:4509 < observe()@resource://gre/modules/addons/XPIProvider.jsm:2281 < GeckoDriver.prototype.quit()@driver.js:3307 < despatch()@server.js:553 < execute()@server.js:527 < onPacket/<()@server.js:502 < onPacket()@server.js:501 < _onJSONObjectReady/<()@transport.js:501
[Child 11258, Chrome_ChildThread] WARNING: pipe error (3): Connection reset by peer: file /build/firefox-V6e7AM/firefox-57.0.3+build1/ipc/chromium/src/chrome/common/ipc_channel_posix.cc, line 353
1515285544269	geckodriver	INFO	geckodriver 0.19.1
1515285544273	geckodriver	INFO	Listening on 127.0.0.1:52077
1515285545384	mozrunner::runner	INFO	Running command: "/usr/bin/firefox" "-marionette" "-profile" "/tmp/rust_mozprofile.tnLuOmyeTvih"
1515285546049	Marionette	INFO	Enabled via --marionette
1515285548201	Marionette	INFO	Listening on port 42427
1515285548313	Marionette	WARN	TLS certificate errors will be ignored for this session
1515285548404	Marionette	DEBUG	Register listener.js for window 2147483649
1515285548428	Marionette	DEBUG	Received DOM event "beforeunload" for "about:blank"
1515285548555	Marionette	DEBUG	Received DOM event "pagehide" for "about:blank"
1515285548556	Marionette	DEBUG	Received DOM event "unload" for "about:blank"
1515285548588	Marionette	DEBUG	Received DOM event "DOMContentLoaded" for "http://localhost:8081/robots.txt"
1515285548608	Marionette	DEBUG	Received DOM event "pageshow" for "http://localhost:8081/robots.txt"
1515285548714	Marionette	DEBUG	Received DOM event "beforeunload" for "http://localhost:8081/robots.txt"
1515285548760	Marionette	DEBUG	Received DOM event "pagehide" for "http://localhost:8081/robots.txt"
1515285548760	Marionette	DEBUG	Received DOM event "unload" for "http://localhost:8081/robots.txt"
1515285548789	Marionette	DEBUG	Received DOM event "DOMContentLoaded" for "http://localhost:8081/humans.txt"
1515285548796	Marionette	DEBUG	Received DOM event "pageshow" for "http://localhost:8081/humans.txt"
[Child 11367, Chrome_ChildThread] WARNING: pipe error (20): Connection reset by peer: file /build/firefox-V6e7AM/firefox-57.0.3+build1/ipc/chromium/src/chrome/common/ipc_channel_posix.cc, line 353
[GFX1-]: Receive IPC close with reason=AbnormalShutdown
[Child 11367, Chrome_ChildThread] WARNING: pipe error (3): Connection reset by peer: file /build/firefox-V6e7AM/firefox-57.0.3+build1/ipc/chromium/src/chrome/common/ipc_channel_posix.cc, line 353
1515285549035	geckodriver	INFO	geckodriver 0.19.1
1515285549040	geckodriver	INFO	Listening on 127.0.0.1:39575
1515285550155	mozrunner::runner	INFO	Running command: "/usr/bin/firefox" "-marionette" "-profile" "/tmp/rust_mozprofile.F9NdWp6LbRao"
1515285550839	Marionette	INFO	Enabled via --marionette
1515285553242	Marionette	INFO	Listening on port 37329
1515285553275	Marionette	WARN	TLS certificate errors will be ignored for this session
1515285553358	Marionette	DEBUG	Register listener.js for window 2147483649
1515285553399	addons.xpi	WARN	Exception running bootstrap method shutdown on activity-stream@mozilla.org: [Exception... "Component returned failure code: 0x80004005 (NS_ERROR_FAILURE) [nsIObserverService.removeObserver]"  nsresult: "0x80004005 (NS_ERROR_FAILURE)"  location: "JS frame :: resource://activity-stream/lib/SnippetsFeed.jsm :: uninit :: line 123"  data: no] Stack trace: uninit()@resource://activity-stream/lib/SnippetsFeed.jsm:123 < onAction()@resource://activity-stream/lib/SnippetsFeed.jsm:138 < _middleware/</<()@resource://activity-stream/lib/Store.jsm:52 < Store/this[method]()@resource://activity-stream/lib/Store.jsm:31 < uninit()@resource://activity-stream/lib/Store.jsm:151 < uninit()@resource://activity-stream/lib/ActivityStream.jsm:266 < uninit()@resource://gre/modules/addons/XPIProvider.jsm -> jar:file:///usr/lib/firefox/browser/features/activity-stream@mozilla.org.xpi!/bootstrap.js:80 < shutdown()@resource://gre/modules/addons/XPIProvider.jsm -> jar:file:///usr/lib/firefox/browser/features/activity-stream@mozilla.org.xpi!/bootstrap.js:196 < callBootstrapMethod()@resource://gre/modules/addons/XPIProvider.jsm:4509 < observe()@resource://gre/modules/addons/XPIProvider.jsm:2281 < GeckoDriver.prototype.quit()@driver.js:3307 < despatch()@server.js:553 < execute()@server.js:527 < onPacket/<()@server.js:502 < onPacket()@server.js:501 < _onJSONObjectReady/<()@transport.js:501
[Child 11474, Chrome_ChildThread] WARNING: pipe error (19): Connection reset by peer: file /build/firefox-V6e7AM/firefox-57.0.3+build1/ipc/chromium/src/chrome/common/ipc_channel_posix.cc, line 353
[Child 11474, Chrome_ChildThread] WARNING: pipe error (3): Connection reset by peer: file /build/firefox-V6e7AM/firefox-57.0.3+build1/ipc/chromium/src/chrome/common/ipc_channel_posix.cc, line 353
1515285566695	geckodriver	INFO	geckodriver 0.19.1
1515285566699	geckodriver	INFO	Listening on 127.0.0.1:35559
1515285567807	mozrunner::runner	INFO	Running command: "/usr/bin/firefox" "-marionette" "-profile" "/tmp/rust_mozprofile.dvsioeIjwa67"
1515285568487	Marionette	INFO	Enabled via --marionette
1515285571006	Marionette	INFO	Listening on port 34837
1515285571028	Marionette	WARN	TLS certificate errors will be ignored for this session
1515285571109	Marionette	DEBUG	Register listener.js for window 2147483649
1515285571175	Marionette	DEBUG	Received DOM event "beforeunload" for "about:blank"
1515285571241	Marionette	DEBUG	Received DOM event "pagehide" for "about:blank"
1515285571241	Marionette	DEBUG	Received DOM event "unload" for "about:blank"
1515285571498	Marionette	DEBUG	Received DOM event "DOMContentLoaded" for "http://localhost:8081/"
1515285571643	Marionette	DEBUG	Received DOM event "pageshow" for "http://localhost:8081/"
[Child 11591, Chrome_ChildThread] WARNING: pipe error (19): Connection reset by peer: file /build/firefox-V6e7AM/firefox-57.0.3+build1/ipc/chromium/src/chrome/common/ipc_channel_posix.cc, line 353
[GFX1-]: Receive IPC close with reason=AbnormalShutdown
[Child 11591, Chrome_ChildThread] WARNING: pipe error (3): Connection reset by peer: file /build/firefox-V6e7AM/firefox-57.0.3+build1/ipc/chromium/src/chrome/common/ipc_channel_posix.cc, line 353
1515285571910	geckodriver	INFO	geckodriver 0.19.1
1515285571919	geckodriver	INFO	Listening on 127.0.0.1:44763
1515285573021	mozrunner::runner	INFO	Running command: "/usr/bin/firefox" "-marionette" "-profile" "/tmp/rust_mozprofile.k3xM7GcWD7LV"
1515285573688	Marionette	INFO	Enabled via --marionette
1515285576486	Marionette	INFO	Listening on port 39625
1515285576536	Marionette	WARN	TLS certificate errors will be ignored for this session
1515285576610	Marionette	DEBUG	Register listener.js for window 2147483649
1515285576657	Marionette	DEBUG	Received DOM event "beforeunload" for "about:blank"
1515285576686	Marionette	DEBUG	Received DOM event "pagehide" for "about:blank"
1515285576686	Marionette	DEBUG	Received DOM event "unload" for "about:blank"
1515285576694	Marionette	DEBUG	Received DOM event "DOMContentLoaded" for "http://localhost:8081/robots.txt"
1515285576702	Marionette	DEBUG	Received DOM event "pageshow" for "http://localhost:8081/robots.txt"
1515285576778	Marionette	DEBUG	Received DOM event "beforeunload" for "http://localhost:8081/robots.txt"
1515285576795	Marionette	DEBUG	Received DOM event "pagehide" for "http://localhost:8081/robots.txt"
1515285576796	Marionette	DEBUG	Received DOM event "unload" for "http://localhost:8081/robots.txt"
1515285576806	Marionette	DEBUG	Received DOM event "DOMContentLoaded" for "http://localhost:8081/humans.txt"
1515285576811	Marionette	DEBUG	Received DOM event "pageshow" for "http://localhost:8081/humans.txt"
1515285576893	addons.xpi	WARN	Exception running bootstrap method shutdown on activity-stream@mozilla.org: [Exception... "Component returned failure code: 0x80004005 (NS_ERROR_FAILURE) [nsIObserverService.removeObserver]"  nsresult: "0x80004005 (NS_ERROR_FAILURE)"  location: "JS frame :: resource://activity-stream/lib/SnippetsFeed.jsm :: uninit :: line 123"  data: no] Stack trace: uninit()@resource://activity-stream/lib/SnippetsFeed.jsm:123 < onAction()@resource://activity-stream/lib/SnippetsFeed.jsm:138 < _middleware/</<()@resource://activity-stream/lib/Store.jsm:52 < Store/this[method]()@resource://activity-stream/lib/Store.jsm:31 < uninit()@resource://activity-stream/lib/Store.jsm:151 < uninit()@resource://activity-stream/lib/ActivityStream.jsm:266 < uninit()@resource://gre/modules/addons/XPIProvider.jsm -> jar:file:///usr/lib/firefox/browser/features/activity-stream@mozilla.org.xpi!/bootstrap.js:80 < shutdown()@resource://gre/modules/addons/XPIProvider.jsm -> jar:file:///usr/lib/firefox/browser/features/activity-stream@mozilla.org.xpi!/bootstrap.js:196 < callBootstrapMethod()@resource://gre/modules/addons/XPIProvider.jsm:4509 < observe()@resource://gre/modules/addons/XPIProvider.jsm:2281 < GeckoDriver.prototype.quit()@driver.js:3307 < despatch()@server.js:553 < execute()@server.js:527 < onPacket/<()@server.js:502 < onPacket()@server.js:501 < _onJSONObjectReady/<()@transport.js:501
[GFX1-]: Receive IPC close with reason=AbnormalShutdown
[Child 11709, Chrome_ChildThread] WARNING: pipe error (3): Connection reset by peer: file /build/firefox-V6e7AM/firefox-57.0.3+build1/ipc/chromium/src/chrome/common/ipc_channel_posix.cc, line 353
1515285577091	geckodriver	INFO	geckodriver 0.19.1
1515285577095	geckodriver	INFO	Listening on 127.0.0.1:55753
1515285578205	mozrunner::runner	INFO	Running command: "/usr/bin/firefox" "-marionette" "-profile" "/tmp/rust_mozprofile.XfYwFlKOrfKz"
1515285578852	Marionette	INFO	Enabled via --marionette
1515285581193	Marionette	INFO	Listening on port 35137
1515285581221	Marionette	WARN	TLS certificate errors will be ignored for this session
1515285581309	Marionette	DEBUG	Register listener.js for window 2147483649
1515285581385	Marionette	DEBUG	Received DOM event "beforeunload" for "about:blank"
1515285581441	Marionette	DEBUG	Received DOM event "pagehide" for "about:blank"
1515285581441	Marionette	DEBUG	Received DOM event "unload" for "about:blank"
1515285581680	Marionette	DEBUG	Received DOM event "DOMContentLoaded" for "http://localhost:8081/"
1515285581812	Marionette	DEBUG	Received DOM event "pageshow" for "http://localhost:8081/"
[Child 11815, Chrome_ChildThread] WARNING: pipe error (19): Connection reset by peer: file /build/firefox-V6e7AM/firefox-57.0.3+build1/ipc/chromium/src/chrome/common/ipc_channel_posix.cc, line 353
1515285710916	geckodriver	INFO	geckodriver 0.19.1
1515285710920	geckodriver	INFO	Listening on 127.0.0.1:50915
1515285712027	mozrunner::runner	INFO	Running command: "/usr/bin/firefox" "-marionette" "-profile" "/tmp/rust_mozprofile.NWOpAZ3wb98D"
1515285712695	Marionette	INFO	Enabled via --marionette
1515285714995	Marionette	INFO	Listening on port 39033
1515285715049	Marionette	WARN	TLS certificate errors will be ignored for this session
1515285715130	Marionette	DEBUG	Register listener.js for window 2147483649
1515285715160	Marionette	DEBUG	Received DOM event "beforeunload" for "about:blank"
1515285715223	Marionette	DEBUG	Received DOM event "pagehide" for "about:blank"
1515285715224	Marionette	DEBUG	Received DOM event "unload" for "about:blank"
1515285715529	Marionette	DEBUG	Received DOM event "DOMContentLoaded" for "http://localhost:8081/"
1515285715609	Marionette	DEBUG	Received DOM event "pageshow" for "http://localhost:8081/"
1515285715860	geckodriver	INFO	geckodriver 0.19.1
1515285715864	geckodriver	INFO	Listening on 127.0.0.1:41103
1515285716968	mozrunner::runner	INFO	Running command: "/usr/bin/firefox" "-marionette" "-profile" "/tmp/rust_mozprofile.j0VNhsmZat8O"
1515285717695	Marionette	INFO	Enabled via --marionette
1515285719943	Marionette	INFO	Listening on port 40351
1515285719984	Marionette	WARN	TLS certificate errors will be ignored for this session
1515285720079	Marionette	DEBUG	Register listener.js for window 2147483649
1515285720134	Marionette	DEBUG	Received DOM event "beforeunload" for "about:blank"
1515285720164	Marionette	DEBUG	Received DOM event "pagehide" for "about:blank"
1515285720164	Marionette	DEBUG	Received DOM event "unload" for "about:blank"
1515285720172	Marionette	DEBUG	Received DOM event "DOMContentLoaded" for "http://localhost:8081/robots.txt"
1515285720187	Marionette	DEBUG	Received DOM event "pageshow" for "http://localhost:8081/robots.txt"
1515285720260	Marionette	DEBUG	Received DOM event "beforeunload" for "http://localhost:8081/robots.txt"
1515285720280	Marionette	DEBUG	Received DOM event "pagehide" for "http://localhost:8081/robots.txt"
1515285720280	Marionette	DEBUG	Received DOM event "unload" for "http://localhost:8081/robots.txt"
1515285720287	Marionette	DEBUG	Received DOM event "DOMContentLoaded" for "http://localhost:8081/humans.txt"
1515285720291	Marionette	DEBUG	Received DOM event "pageshow" for "http://localhost:8081/humans.txt"
1515285720338	addons.xpi	WARN	Exception running bootstrap method shutdown on activity-stream@mozilla.org: [Exception... "Component returned failure code: 0x80004005 (NS_ERROR_FAILURE) [nsIObserverService.removeObserver]"  nsresult: "0x80004005 (NS_ERROR_FAILURE)"  location: "JS frame :: resource://activity-stream/lib/SnippetsFeed.jsm :: uninit :: line 123"  data: no] Stack trace: uninit()@resource://activity-stream/lib/SnippetsFeed.jsm:123 < onAction()@resource://activity-stream/lib/SnippetsFeed.jsm:138 < _middleware/</<()@resource://activity-stream/lib/Store.jsm:52 < Store/this[method]()@resource://activity-stream/lib/Store.jsm:31 < uninit()@resource://activity-stream/lib/Store.jsm:151 < uninit()@resource://activity-stream/lib/ActivityStream.jsm:266 < uninit()@resource://gre/modules/addons/XPIProvider.jsm -> jar:file:///usr/lib/firefox/browser/features/activity-stream@mozilla.org.xpi!/bootstrap.js:80 < shutdown()@resource://gre/modules/addons/XPIProvider.jsm -> jar:file:///usr/lib/firefox/browser/features/activity-stream@mozilla.org.xpi!/bootstrap.js:196 < callBootstrapMethod()@resource://gre/modules/addons/XPIProvider.jsm:4509 < observe()@resource://gre/modules/addons/XPIProvider.jsm:2281 < GeckoDriver.prototype.quit()@driver.js:3307 < despatch()@server.js:553 < execute()@server.js:527 < onPacket/<()@server.js:502 < onPacket()@server.js:501 < _onJSONObjectReady/<()@transport.js:501
[Child 12088, Chrome_ChildThread] WARNING: pipe error (21): Connection reset by peer: file /build/firefox-V6e7AM/firefox-57.0.3+build1/ipc/chromium/src/chrome/common/ipc_channel_posix.cc, line 353
1515285720508	geckodriver	INFO	geckodriver 0.19.1
1515285720515	geckodriver	INFO	Listening on 127.0.0.1:41001
1515285721613	mozrunner::runner	INFO	Running command: "/usr/bin/firefox" "-marionette" "-profile" "/tmp/rust_mozprofile.JJDwi0PMpfsw"
1515285722312	Marionette	INFO	Enabled via --marionette
1515285724675	Marionette	INFO	Listening on port 44425
1515285724727	Marionette	WARN	TLS certificate errors will be ignored for this session
1515285724828	Marionette	DEBUG	Register listener.js for window 2147483649
1515285724884	Marionette	DEBUG	Received DOM event "beforeunload" for "about:blank"
1515285724919	Marionette	DEBUG	Received DOM event "pagehide" for "about:blank"
1515285724920	Marionette	DEBUG	Received DOM event "unload" for "about:blank"
1515285725261	Marionette	DEBUG	Received DOM event "DOMContentLoaded" for "http://localhost:8081/"
1515285725336	Marionette	DEBUG	Received DOM event "pageshow" for "http://localhost:8081/"
[GFX1-]: Receive IPC close with reason=AbnormalShutdown
[Child 12192, Chrome_ChildThread] WARNING: pipe error (3): Connection reset by peer: file /build/firefox-V6e7AM/firefox-57.0.3+build1/ipc/chromium/src/chrome/common/ipc_channel_posix.cc, line 353
1515287979620	geckodriver	INFO	geckodriver 0.19.1
1515287979640	geckodriver	INFO	Listening on 127.0.0.1:48933
1515287980754	mozrunner::runner	INFO	Running command: "/usr/bin/firefox" "-marionette" "-profile" "/tmp/rust_mozprofile.ggwcd5D3vgLh"
1515287983396	Marionette	INFO	Enabled via --marionette
1515287988631	Marionette	INFO	Listening on port 41995
1515287988682	Marionette	WARN	TLS certificate errors will be ignored for this session
1515287988754	Marionette	DEBUG	Register listener.js for window 2147483649
1515287989069	Marionette	DEBUG	Received DOM event "beforeunload" for "about:blank"
1515287989227	Marionette	DEBUG	Received DOM event "pagehide" for "about:blank"
1515287989227	Marionette	DEBUG	Received DOM event "unload" for "about:blank"
1515287989253	Marionette	DEBUG	Received DOM event "DOMContentLoaded" for "http://localhost:8081/en-us/"
1515287989265	Marionette	DEBUG	Received DOM event "pageshow" for "http://localhost:8081/en-us/"
[Child 3719, Chrome_ChildThread] WARNING: pipe error (19): Connection reset by peer: file /build/firefox-V6e7AM/firefox-57.0.3+build1/ipc/chromium/src/chrome/common/ipc_channel_posix.cc, line 353
[Child 3719, Chrome_ChildThread] WARNING: pipe error (3): Connection reset by peer: file /build/firefox-V6e7AM/firefox-57.0.3+build1/ipc/chromium/src/chrome/common/ipc_channel_posix.cc, line 353
1515287989808	geckodriver	INFO	geckodriver 0.19.1
1515287989811	geckodriver	INFO	Listening on 127.0.0.1:51001
1515287990912	mozrunner::runner	INFO	Running command: "/usr/bin/firefox" "-marionette" "-profile" "/tmp/rust_mozprofile.H602FGnCMv9r"
1515287991546	Marionette	INFO	Enabled via --marionette
1515287993653	Marionette	INFO	Listening on port 38903
1515287993751	Marionette	WARN	TLS certificate errors will be ignored for this session
1515287993843	Marionette	DEBUG	Register listener.js for window 2147483649
1515287993901	Marionette	DEBUG	Received DOM event "beforeunload" for "about:blank"
1515287993964	Marionette	DEBUG	Received DOM event "pagehide" for "about:blank"
1515287993965	Marionette	DEBUG	Received DOM event "unload" for "about:blank"
1515287993982	Marionette	DEBUG	Received DOM event "DOMContentLoaded" for "http://localhost:8081/robots.txt"
1515287994031	Marionette	DEBUG	Received DOM event "pageshow" for "http://localhost:8081/robots.txt"
1515287994084	Marionette	DEBUG	Received DOM event "beforeunload" for "http://localhost:8081/robots.txt"
1515287994106	Marionette	DEBUG	Received DOM event "pagehide" for "http://localhost:8081/robots.txt"
1515287994107	Marionette	DEBUG	Received DOM event "unload" for "http://localhost:8081/robots.txt"
1515287994116	Marionette	DEBUG	Received DOM event "DOMContentLoaded" for "http://localhost:8081/humans.txt"
1515287994130	Marionette	DEBUG	Received DOM event "pageshow" for "http://localhost:8081/humans.txt"
1515287994174	addons.xpi	WARN	Exception running bootstrap method shutdown on activity-stream@mozilla.org: [Exception... "Component returned failure code: 0x80004005 (NS_ERROR_FAILURE) [nsIObserverService.removeObserver]"  nsresult: "0x80004005 (NS_ERROR_FAILURE)"  location: "JS frame :: resource://activity-stream/lib/SnippetsFeed.jsm :: uninit :: line 123"  data: no] Stack trace: uninit()@resource://activity-stream/lib/SnippetsFeed.jsm:123 < onAction()@resource://activity-stream/lib/SnippetsFeed.jsm:138 < _middleware/</<()@resource://activity-stream/lib/Store.jsm:52 < Store/this[method]()@resource://activity-stream/lib/Store.jsm:31 < uninit()@resource://activity-stream/lib/Store.jsm:151 < uninit()@resource://activity-stream/lib/ActivityStream.jsm:266 < uninit()@resource://gre/modules/addons/XPIProvider.jsm -> jar:file:///usr/lib/firefox/browser/features/activity-stream@mozilla.org.xpi!/bootstrap.js:80 < shutdown()@resource://gre/modules/addons/XPIProvider.jsm -> jar:file:///usr/lib/firefox/browser/features/activity-stream@mozilla.org.xpi!/bootstrap.js:196 < callBootstrapMethod()@resource://gre/modules/addons/XPIProvider.jsm:4509 < observe()@resource://gre/modules/addons/XPIProvider.jsm:2281 < GeckoDriver.prototype.quit()@driver.js:3307 < despatch()@server.js:553 < execute()@server.js:527 < onPacket/<()@server.js:502 < onPacket()@server.js:501 < _onJSONObjectReady/<()@transport.js:501
[Child 3843, Chrome_ChildThread] WARNING: pipe error (21): Connection reset by peer: file /build/firefox-V6e7AM/firefox-57.0.3+build1/ipc/chromium/src/chrome/common/ipc_channel_posix.cc, line 353
[Child 3843, Chrome_ChildThread] WARNING: pipe error (3): Connection reset by peer: file /build/firefox-V6e7AM/firefox-57.0.3+build1/ipc/chromium/src/chrome/common/ipc_channel_posix.cc, line 353
1515287994366	geckodriver	INFO	geckodriver 0.19.1
1515287994370	geckodriver	INFO	Listening on 127.0.0.1:38855
1515287995474	mozrunner::runner	INFO	Running command: "/usr/bin/firefox" "-marionette" "-profile" "/tmp/rust_mozprofile.JeJcZSHJP1xl"
1515287996096	Marionette	INFO	Enabled via --marionette
1515287998612	Marionette	INFO	Listening on port 43433
1515287998688	Marionette	WARN	TLS certificate errors will be ignored for this session
1515287998777	Marionette	DEBUG	Register listener.js for window 2147483649
1515287998847	Marionette	DEBUG	Received DOM event "beforeunload" for "about:blank"
1515287998887	Marionette	DEBUG	Received DOM event "pagehide" for "about:blank"
1515287998887	Marionette	DEBUG	Received DOM event "unload" for "about:blank"
1515287998917	Marionette	DEBUG	Received DOM event "DOMContentLoaded" for "http://localhost:8081/en-us/"
1515287998955	Marionette	DEBUG	Received DOM event "pageshow" for "http://localhost:8081/en-us/"
1515287999033	addons.xpi	WARN	Exception running bootstrap method shutdown on activity-stream@mozilla.org: [Exception... "Component returned failure code: 0x80004005 (NS_ERROR_FAILURE) [nsIObserverService.removeObserver]"  nsresult: "0x80004005 (NS_ERROR_FAILURE)"  location: "JS frame :: resource://activity-stream/lib/SnippetsFeed.jsm :: uninit :: line 123"  data: no] Stack trace: uninit()@resource://activity-stream/lib/SnippetsFeed.jsm:123 < onAction()@resource://activity-stream/lib/SnippetsFeed.jsm:138 < _middleware/</<()@resource://activity-stream/lib/Store.jsm:52 < Store/this[method]()@resource://activity-stream/lib/Store.jsm:31 < uninit()@resource://activity-stream/lib/Store.jsm:151 < uninit()@resource://activity-stream/lib/ActivityStream.jsm:266 < uninit()@resource://gre/modules/addons/XPIProvider.jsm -> jar:file:///usr/lib/firefox/browser/features/activity-stream@mozilla.org.xpi!/bootstrap.js:80 < shutdown()@resource://gre/modules/addons/XPIProvider.jsm -> jar:file:///usr/lib/firefox/browser/features/activity-stream@mozilla.org.xpi!/bootstrap.js:196 < callBootstrapMethod()@resource://gre/modules/addons/XPIProvider.jsm:4509 < observe()@resource://gre/modules/addons/XPIProvider.jsm:2281 < GeckoDriver.prototype.quit()@driver.js:3307 < despatch()@server.js:553 < execute()@server.js:527 < onPacket/<()@server.js:502 < onPacket()@server.js:501 < _onJSONObjectReady/<()@transport.js:501
[Child 3949, Chrome_ChildThread] WARNING: pipe error (19): Connection reset by peer: file /build/firefox-V6e7AM/firefox-57.0.3+build1/ipc/chromium/src/chrome/common/ipc_channel_posix.cc, line 353
[Child 3949, Chrome_ChildThread] WARNING: pipe error (3): Connection reset by peer: file /build/firefox-V6e7AM/firefox-57.0.3+build1/ipc/chromium/src/chrome/common/ipc_channel_posix.cc, line 353
1515287999180	geckodriver	INFO	geckodriver 0.19.1
1515287999184	geckodriver	INFO	Listening on 127.0.0.1:57349
1515288000293	mozrunner::runner	INFO	Running command: "/usr/bin/firefox" "-marionette" "-profile" "/tmp/rust_mozprofile.1g2I38bDAn8P"
1515288000938	Marionette	INFO	Enabled via --marionette
1515288003284	Marionette	INFO	Listening on port 35709
1515288003312	Marionette	WARN	TLS certificate errors will be ignored for this session
1515288003420	Marionette	DEBUG	Register listener.js for window 2147483649
1515288003453	Marionette	DEBUG	Received DOM event "beforeunload" for "about:blank"
1515288004357	Marionette	DEBUG	Received DOM event "pagehide" for "about:blank"
1515288004357	Marionette	DEBUG	Received DOM event "unload" for "about:blank"
1515288004687	Marionette	DEBUG	Received DOM event "DOMContentLoaded" for "http://localhost:8081/en/"
1515288004771	Marionette	DEBUG	Received DOM event "pageshow" for "http://localhost:8081/en/"
1515288004868	Marionette	DEBUG	Received DOM event "beforeunload" for "http://localhost:8081/en/"
1515288004901	Marionette	DEBUG	Received DOM event "pagehide" for "http://localhost:8081/en/"
1515288004901	Marionette	DEBUG	Received DOM event "unload" for "http://localhost:8081/en/"
1515288005027	Marionette	DEBUG	Received DOM event "DOMContentLoaded" for "http://localhost:8081/ca/"
1515288005082	Marionette	DEBUG	Received DOM event "pageshow" for "http://localhost:8081/ca/"
[Child 4058, Chrome_ChildThread] WARNING: pipe error (19): Connection reset by peer: file /build/firefox-V6e7AM/firefox-57.0.3+build1/ipc/chromium/src/chrome/common/ipc_channel_posix.cc, line 353
[GFX1-]: Receive IPC close with reason=AbnormalShutdown
[Child 4058, Chrome_ChildThread] WARNING: pipe error (3): Connection reset by peer: file /build/firefox-V6e7AM/firefox-57.0.3+build1/ipc/chromium/src/chrome/common/ipc_channel_posix.cc, line 353
1515319605868	geckodriver	INFO	geckodriver 0.19.1
1515319605924	geckodriver	INFO	Listening on 127.0.0.1:53011
1515319607022	mozrunner::runner	INFO	Running command: "/usr/bin/firefox" "-marionette" "-profile" "/tmp/rust_mozprofile.XRRjMGJEHjTm"
1515319609822	Marionette	INFO	Enabled via --marionette
1515319614643	Marionette	INFO	Listening on port 42447
1515319614774	Marionette	WARN	TLS certificate errors will be ignored for this session
1515319614870	Marionette	DEBUG	Register listener.js for window 2147483649
1515319615533	Marionette	DEBUG	Received DOM event "beforeunload" for "about:blank"
1515319615759	Marionette	DEBUG	Received DOM event "pagehide" for "about:blank"
1515319615760	Marionette	DEBUG	Received DOM event "unload" for "about:blank"
1515319616223	Marionette	DEBUG	Received DOM event "DOMContentLoaded" for "http://localhost:8081/en/"
1515319616304	Marionette	DEBUG	Received DOM event "pageshow" for "http://localhost:8081/en/"
1515320782940	geckodriver	INFO	geckodriver 0.19.1
1515320782944	geckodriver	INFO	Listening on 127.0.0.1:60877
1515320784055	mozrunner::runner	INFO	Running command: "/usr/bin/firefox" "-marionette" "-profile" "/tmp/rust_mozprofile.1pD6dpeS0TFl"
1515320784689	Marionette	INFO	Enabled via --marionette
1515320787341	Marionette	INFO	Listening on port 33483
1515320787373	Marionette	WARN	TLS certificate errors will be ignored for this session
1515320787447	Marionette	DEBUG	Register listener.js for window 2147483649
1515320787488	Marionette	DEBUG	Received DOM event "beforeunload" for "about:blank"
1515320787594	Marionette	DEBUG	Received DOM event "pagehide" for "about:blank"
1515320787595	Marionette	DEBUG	Received DOM event "unload" for "about:blank"
1515320787814	Marionette	DEBUG	Received DOM event "DOMContentLoaded" for "http://localhost:8081/en/"
1515320787891	Marionette	DEBUG	Received DOM event "pageshow" for "http://localhost:8081/en/"
1515320787996	Marionette	DEBUG	Received DOM event "beforeunload" for "http://localhost:8081/en/"
1515320788049	Marionette	DEBUG	Received DOM event "pagehide" for "http://localhost:8081/en/"
1515320788049	Marionette	DEBUG	Received DOM event "unload" for "http://localhost:8081/en/"
1515320788197	Marionette	DEBUG	Received DOM event "DOMContentLoaded" for "http://localhost:8081/ca/"
1515320788260	Marionette	DEBUG	Received DOM event "pageshow" for "http://localhost:8081/ca/"
[GFX1-]: Receive IPC close with reason=AbnormalShutdown
[Child 3999, Chrome_ChildThread] WARNING: pipe error (3): Connection reset by peer: file /build/firefox-z4C2WH/firefox-57.0.4+build1/ipc/chromium/src/chrome/common/ipc_channel_posix.cc, line 353
